<?xml version="1.0" encoding="utf-8"?><testsuites><testsuite name="pytest" errors="0" failures="0" skipped="0" tests="8" time="0.154" timestamp="2026-04-15T13:43:46.239838" hostname="DESKTOP-64LREMM"><testcase classname="tests.test_app" name="test_home_page_loads" time="0.012" /><testcase classname="tests.test_app" name="test_home_alias_page_loads" time="0.001" /><testcase classname="tests.test_app" name="test_login_page_loads" time="0.003" /><testcase classname="tests.test_app" name="test_signup_page_loads" time="0.004" /><testcase classname="tests.test_app" name="test_cart_page_loads" time="0.007" /><testcase classname="tests.test_app" name="test_checkout_page_loads" time="0.004" /><testcase classname="tests.test_app" name="test_contact_page_loads" time="0.004" /><testcase classname="tests.test_app" name="test_product_page_valid_id" time="0.003" /></testsuite></testsuites>